#
# A fatal error has been detected by the Java Runtime Environment:
#
#  SIGSEGV (0xb) at pc=0x00007fff9860d373, pid=72910, tid=0x0000000000013f13
#
# JRE version: Java(TM) SE Runtime Environment (8.0_102-b14) (build 1.8.0_102-b14)
# Java VM: Java HotSpot(TM) 64-Bit Server VM (25.102-b14 mixed mode bsd-amd64 compressed oops)
# Problematic frame:
# C  [libobjc.A.dylib+0xa373]  (anonymous namespace)::AutoreleasePoolPage::pop(void*)+0x2c3
#
# Failed to write core dump. Core dumps have been disabled. To enable core dumping, try "ulimit -c unlimited" before starting Java again
#
# If you would like to submit a bug report, please visit:
#   http://bugreport.java.com/bugreport/crash.jsp
# The crash happened outside the Java Virtual Machine in native code.
# See problematic frame for where to report the bug.
#

---------------  T H R E A D  ---------------

Current thread (0x00007f98cfee1800):  JavaThread "jME3 Main" [_thread_in_native, id=81683, stack(0x00007000044d3000,0x00007000045d3000)]

siginfo: si_signo: 11 (SIGSEGV), si_code: 1 (SEGV_MAPERR), si_addr: 0x0000000000000010

Registers:
RAX=0x00007fffa1d64523, RBX=0x0000000000000000, RCX=0x00007fff9902c336, RDX=0x0000000000000000
RSP=0x00007000045d2140, RBP=0x00007000045d2580, RSI=0x00007fff81eac617, RDI=0x00007f98cf887038
R8 =0x0000000000000009, R9 =0x0000000000000000, R10=0x00007fff9eb502c0, R11=0x00007f98cdc0aa50
R12=0x0000000000000000, R13=0xa3a3a3a3a3a3a3a3, R14=0x00007f98cf887038, R15=0x00007f98cf887000
RIP=0x00007fff9860d373, EFLAGS=0x0000000000010246, ERR=0x0000000000000004
  TRAPNO=0x000000000000000e

Top of Stack: (sp=0x00007000045d2140)
0x00007000045d2140:   00007000045d2290 00007fff8377f480
0x00007000045d2150:   0000000100000000 000000010bde7e00
0x00007000045d2160:   0000001800000013 0000000000000c03
0x00007000045d2170:   00000000045d2258 00007fff9908091f
0x00007000045d2180:   0000000000000000 0000000000000004
0x00007000045d2190:   000000010bde3000 0000000000000004
0x00007000045d21a0:   000000010bde6a00 000000010bde7e00
0x00007000045d21b0:   00007000045d2290 0000000000000002
0x00007000045d21c0:   00007000045d2250 00007fffa1e173c0
0x00007000045d21d0:   000000010bde7e00 00007f98cde0e060
0x00007000045d21e0:   0000000000000003 00007000045d2230
0x00007000045d21f0:   00007fffa1e173c0 00007f98cde0d550
0x00007000045d2200:   3f7c3492cdc300ff 0000000000000001
0x00007000045d2210:   00007fffa1e173c0 00007f98d3302770
0x00007000045d2220:   0000000000000000 0000000000000008
0x00007000045d2230:   0000000000000001 00007fff9e6afe80
0x00007000045d2240:   0000000000000036 0000000000000007
0x00007000045d2250:   00007000045d22e0 00007fff990964de
0x00007000045d2260:   0000200000000000 00007f98d3303690
0x00007000045d2270:   000000010bde3000 00007f98d33fc080
0x00007000045d2280:   00007f98d33036a0 00007f98d33036d0
0x00007000045d2290:   0000000000000004 00000002851b3210
0x00007000045d22a0:   0000000000000030 000000010bde7e00
0x00007000045d22b0:   00007f98d3300000 0000000000000002
0x00007000045d22c0:   000000010bde7e00 0000000000000009
0x00007000045d22d0:   000000010bde3000 00007f98d3300000
0x00007000045d22e0:   00007000045d2350 00007fff990970d5
0x00007000045d22f0:   00007fffa1d63fc0 ffff80672ccfd820
0x00007000045d2300:   000000010bde3000 00007fff99080e2c
0x00007000045d2310:   000000010bde6a00 00007f98d33036a0
0x00007000045d2320:   00007f98d3300003 00007f98d33027e0
0x00007000045d2330:   00007f98d3302868 00007fffa1d63fc8 

Instructions: (pc=0x00007fff9860d373)
0x00007fff9860d353:   a1 a1 a1 74 0d be 01 00 00 00 4c 89 e7 e8 95 7b
0x00007fff9860d363:   01 00 4c 89 e3 eb 09 65 48 89 1c 25 58 01 00 00
0x00007fff9860d373:   48 8b 43 10 48 8d 4b 38 48 39 c8 75 20 48 8b 5b
0x00007fff9860d383:   20 48 85 db 74 e1 81 3b a1 a1 a1 a1 74 d9 be 01 

Register to memory mapping:

RAX=0x00007fffa1d64523: PrintPoolHiwat+0 in /usr/lib/libobjc.A.dylib at 0x00007fff98603000
RBX=0x0000000000000000 is an unknown value
RCX=0x00007fff9902c336: __ulock_wake+0xa in /usr/lib/system/libsystem_kernel.dylib at 0x00007fff99012000
RDX=0x0000000000000000 is an unknown value
RSP=0x00007000045d2140 is pointing into the stack for thread: 0x00007f98cfee1800
RBP=0x00007000045d2580 is pointing into the stack for thread: 0x00007f98cfee1800
RSI=0x00007fff81eac617: __NSStyleNameIndexTable+0x781cf in /System/Library/Frameworks/AppKit.framework/Versions/C/AppKit at 0x00007fff81247000
RDI=0x00007f98cf887038 is an unknown value
R8 =0x0000000000000009 is an unknown value
R9 =0x0000000000000000 is an unknown value
R10=0x00007fff9eb502c0: OBJC_CLASS_$_NSAutoreleasePool+0 in /System/Library/Frameworks/Foundation.framework/Versions/C/Foundation at 0x00007fff85181000
R11=0x00007f98cdc0aa50 is an unknown value
R12=0x0000000000000000 is an unknown value
R13=0xa3a3a3a3a3a3a3a3 is an unknown value
R14=0x00007f98cf887038 is an unknown value
R15=0x00007f98cf887000 is an unknown value


Stack: [0x00007000044d3000,0x00007000045d3000],  sp=0x00007000045d2140,  free space=1020k
Native frames: (J=compiled Java code, j=interpreted, Vv=VM code, C=native code)
C  [libobjc.A.dylib+0xa373]  (anonymous namespace)::AutoreleasePoolPage::pop(void*)+0x2c3
C  [CoreFoundation+0x460a6]  _CFAutoreleasePoolPop+0x16
C  [Foundation+0x16e73]  -[NSAutoreleasePool drain]+0x92
C  [liblwjgl.dylib+0xc0ef]  Java_org_lwjgl_opengl_MacOSXDisplay_nDestroyWindow+0x3f
j  org.lwjgl.opengl.MacOSXDisplay.nDestroyWindow(Ljava/nio/ByteBuffer;)V+0
j  org.lwjgl.opengl.MacOSXDisplay.destroyWindow()V+43
j  org.lwjgl.opengl.Display.destroyWindow()V+46
j  org.lwjgl.opengl.Display.setDisplayMode(Lorg/lwjgl/opengl/DisplayMode;)V+34
j  com.jme3.system.lwjgl.LwjglDisplay.createContext(Lcom/jme3/system/AppSettings;)V+303
j  com.jme3.system.lwjgl.LwjglAbstractDisplay.initInThread()Z+25
j  com.jme3.system.lwjgl.LwjglAbstractDisplay.run()V+36
j  java.lang.Thread.run()V+11
v  ~StubRoutines::call_stub
V  [libjvm.dylib+0x2ed5e2]  JavaCalls::call_helper(JavaValue*, methodHandle*, JavaCallArguments*, Thread*)+0x6ae
V  [libjvm.dylib+0x2edd70]  JavaCalls::call_virtual(JavaValue*, KlassHandle, Symbol*, Symbol*, JavaCallArguments*, Thread*)+0x164
V  [libjvm.dylib+0x2edf1c]  JavaCalls::call_virtual(JavaValue*, Handle, KlassHandle, Symbol*, Symbol*, Thread*)+0x4a
V  [libjvm.dylib+0x348691]  thread_entry(JavaThread*, Thread*)+0x7c
V  [libjvm.dylib+0x56a4db]  JavaThread::thread_main_inner()+0x9b
V  [libjvm.dylib+0x56bbc8]  JavaThread::run()+0x1c2
V  [libjvm.dylib+0x489ed2]  java_start(Thread*)+0xf6
C  [libsystem_pthread.dylib+0x39af]  _pthread_body+0xb4
C  [libsystem_pthread.dylib+0x38fb]  _pthread_body+0x0
C  [libsystem_pthread.dylib+0x3101]  thread_start+0xd
C  0x0000000000000000

Java frames: (J=compiled Java code, j=interpreted, Vv=VM code)
j  org.lwjgl.opengl.MacOSXDisplay.nDestroyWindow(Ljava/nio/ByteBuffer;)V+0
j  org.lwjgl.opengl.MacOSXDisplay.destroyWindow()V+43
j  org.lwjgl.opengl.Display.destroyWindow()V+46
j  org.lwjgl.opengl.Display.setDisplayMode(Lorg/lwjgl/opengl/DisplayMode;)V+34
j  com.jme3.system.lwjgl.LwjglDisplay.createContext(Lcom/jme3/system/AppSettings;)V+303
j  com.jme3.system.lwjgl.LwjglAbstractDisplay.initInThread()Z+25
j  com.jme3.system.lwjgl.LwjglAbstractDisplay.run()V+36
j  java.lang.Thread.run()V+11
v  ~StubRoutines::call_stub

---------------  P R O C E S S  ---------------

Java Threads: ( => current thread )
=>0x00007f98cfee1800 JavaThread "jME3 Main" [_thread_in_native, id=81683, stack(0x00007000044d3000,0x00007000045d3000)]
  0x00007f98cff99800 JavaThread "Java2D Disposer" daemon [_thread_blocked, id=81191, stack(0x00007000043d0000,0x00007000044d0000)]
  0x00007f98cf168800 JavaThread "jME3 Audio Decoder" daemon [_thread_blocked, id=80651, stack(0x00007000042cd000,0x00007000043cd000)]
  0x00007f98cf33e800 JavaThread "jME3 Main" [_thread_blocked, id=65587, stack(0x00007000040c4000,0x00007000041c4000)]
  0x00007f98cf16b000 JavaThread "Prism Font Disposer" daemon [_thread_blocked, id=51835, stack(0x0000700003f3e000,0x000070000403e000)]
  0x00007f98ce87c000 JavaThread "Thread-4" daemon [_thread_in_native, id=37379, stack(0x0000700003e38000,0x0000700003eb8000)]
  0x00007f98cfa2d800 JavaThread "JavaFX Application Thread" [_thread_in_native, id=775, stack(0x00007fff53639000,0x00007fff53e39000)]
  0x00007f98cfa07800 JavaThread "Thread-2" daemon [_thread_blocked, id=25607, stack(0x0000700003d35000,0x0000700003e35000)]
  0x00007f98cf9da000 JavaThread "QuantumRenderer-0" daemon [_thread_blocked, id=20227, stack(0x0000700003c32000,0x0000700003d32000)]
  0x00007f98cf0d3000 JavaThread "JavaFX-Launcher" [_thread_blocked, id=19715, stack(0x0000700003b2f000,0x0000700003c2f000)]
  0x00007f98ce038000 JavaThread "Service Thread" daemon [_thread_blocked, id=18691, stack(0x0000700003929000,0x0000700003a29000)]
  0x00007f98ce82b000 JavaThread "C1 CompilerThread2" daemon [_thread_blocked, id=18179, stack(0x0000700003826000,0x0000700003926000)]
  0x00007f98ce82a000 JavaThread "C2 CompilerThread1" daemon [_thread_blocked, id=17667, stack(0x0000700003723000,0x0000700003823000)]
  0x00007f98ce810000 JavaThread "C2 CompilerThread0" daemon [_thread_blocked, id=17155, stack(0x0000700003620000,0x0000700003720000)]
  0x00007f98ce800800 JavaThread "Signal Dispatcher" daemon [_thread_blocked, id=16643, stack(0x000070000351d000,0x000070000361d000)]
  0x00007f98cf81a000 JavaThread "Finalizer" daemon [_thread_blocked, id=12547, stack(0x000070000341a000,0x000070000351a000)]
  0x00007f98ce003000 JavaThread "Reference Handler" daemon [_thread_blocked, id=12035, stack(0x0000700003317000,0x0000700003417000)]
  0x00007f98cf802000 JavaThread "main" [_thread_blocked, id=7171, stack(0x0000700002d05000,0x0000700002e05000)]

Other Threads:
  0x00007f98cf00d000 VMThread [stack: 0x0000700003214000,0x0000700003314000] [id=11523]
  0x00007f98ce038800 WatcherThread [stack: 0x0000700003a2c000,0x0000700003b2c000] [id=19203]

VM state:not at safepoint (normal execution)

VM Mutex/Monitor currently owned by a thread: None

Heap:
 PSYoungGen      total 38400K, used 14321K [0x0000000795580000, 0x0000000798000000, 0x00000007c0000000)
  eden space 33280K, 27% used [0x0000000795580000,0x0000000795e808b8,0x0000000797600000)
  from space 5120K, 99% used [0x0000000797600000,0x0000000797afbbd0,0x0000000797b00000)
  to   space 5120K, 0% used [0x0000000797b00000,0x0000000797b00000,0x0000000798000000)
 ParOldGen       total 49152K, used 11870K [0x0000000740000000, 0x0000000743000000, 0x0000000795580000)
  object space 49152K, 24% used [0x0000000740000000,0x0000000740b97b70,0x0000000743000000)
 Metaspace       used 23779K, capacity 24401K, committed 24704K, reserved 1071104K
  class space    used 2735K, capacity 2919K, committed 2944K, reserved 1048576K

Card table byte_map: [0x000000010db61000,0x000000010df62000] byte_map_base: 0x000000010a161000

Marking Bits: (ParMarkBitMap*) 0x000000010d0efd20
 Begin Bits: [0x000000010e20d000, 0x000000011020d000)
 End Bits:   [0x000000011020d000, 0x000000011220d000)

Polling page: 0x000000010be87000

CodeCache: size=245760Kb used=9681Kb max_used=9687Kb free=236078Kb
 bounds [0x00000001190a1000, 0x0000000119a31000, 0x00000001280a1000]
 total_blobs=3988 nmethods=3173 adapters=727
 compilation: enabled

Compilation events (10 events):
Event: 16.382 Thread 0x00007f98ce82b000 nmethod 3442 0x0000000119a1c590 code [0x0000000119a1c740, 0x0000000119a1cec8]
Event: 16.382 Thread 0x00007f98ce82b000 3440       3       java.lang.Float::equals (33 bytes)
Event: 16.382 Thread 0x00007f98ce82b000 nmethod 3440 0x0000000119a1d210 code [0x0000000119a1d3a0, 0x0000000119a1d970]
Event: 16.382 Thread 0x00007f98ce82b000 3441       3       com.jme3.renderer.queue.GeometryList::get (7 bytes)
Event: 16.383 Thread 0x00007f98ce82b000 nmethod 3441 0x0000000119a1da90 code [0x0000000119a1dc00, 0x0000000119a1dd90]
Event: 16.383 Thread 0x00007f98ce810000 nmethod 3431 0x0000000119a20cd0 code [0x0000000119a20e40, 0x0000000119a21098]
Event: 16.383 Thread 0x00007f98ce810000 3434       4       java.nio.DirectByteBuffer::put (18 bytes)
Event: 16.385 Thread 0x00007f98ce810000 nmethod 3434 0x0000000119a21350 code [0x0000000119a214a0, 0x0000000119a21558]
Event: 16.385 Thread 0x00007f98ce810000 3439       4       com.jme3.math.Quaternion::norm (40 bytes)
Event: 16.385 Thread 0x00007f98ce810000 nmethod 3439 0x00000001192c1d10 code [0x00000001192c1e60, 0x00000001192c1ef8]

GC Heap History (8 events):
Event: 10.166 GC heap before
{Heap before GC invocations=1 (full 0):
 PSYoungGen      total 38400K, used 33280K [0x0000000795580000, 0x0000000798000000, 0x00000007c0000000)
  eden space 33280K, 100% used [0x0000000795580000,0x0000000797600000,0x0000000797600000)
  from space 5120K, 0% used [0x0000000797b00000,0x0000000797b00000,0x0000000798000000)
  to   space 5120K, 0% used [0x0000000797600000,0x0000000797600000,0x0000000797b00000)
 ParOldGen       total 87552K, used 0K [0x0000000740000000, 0x0000000745580000, 0x0000000795580000)
  object space 87552K, 0% used [0x0000000740000000,0x0000000740000000,0x0000000745580000)
 Metaspace       used 13910K, capacity 14476K, committed 14592K, reserved 1062912K
  class space    used 1836K, capacity 1978K, committed 2048K, reserved 1048576K
Event: 10.181 GC heap after
Heap after GC invocations=1 (full 0):
 PSYoungGen      total 38400K, used 5099K [0x0000000795580000, 0x0000000798000000, 0x00000007c0000000)
  eden space 33280K, 0% used [0x0000000795580000,0x0000000795580000,0x0000000797600000)
  from space 5120K, 99% used [0x0000000797600000,0x0000000797afaf88,0x0000000797b00000)
  to   space 5120K, 0% used [0x0000000797b00000,0x0000000797b00000,0x0000000798000000)
 ParOldGen       total 87552K, used 3104K [0x0000000740000000, 0x0000000745580000, 0x0000000795580000)
  object space 87552K, 3% used [0x0000000740000000,0x0000000740308030,0x0000000745580000)
 Metaspace       used 13910K, capacity 14476K, committed 14592K, reserved 1062912K
  class space    used 1836K, capacity 1978K, committed 2048K, reserved 1048576K
}
Event: 14.813 GC heap before
{Heap before GC invocations=2 (full 0):
 PSYoungGen      total 38400K, used 33285K [0x0000000795580000, 0x0000000798000000, 0x00000007c0000000)
  eden space 33280K, 84% used [0x0000000795580000,0x00000007971064b8,0x0000000797600000)
  from space 5120K, 99% used [0x0000000797600000,0x0000000797afaf88,0x0000000797b00000)
  to   space 5120K, 0% used [0x0000000797b00000,0x0000000797b00000,0x0000000798000000)
 ParOldGen       total 87552K, used 3104K [0x0000000740000000, 0x0000000745580000, 0x0000000795580000)
  object space 87552K, 3% used [0x0000000740000000,0x0000000740308030,0x0000000745580000)
 Metaspace       used 20567K, capacity 21139K, committed 21296K, reserved 1069056K
  class space    used 2432K, capacity 2626K, committed 2688K, reserved 1048576K
Event: 14.826 GC heap after
Heap after GC invocations=2 (full 0):
 PSYoungGen      total 38400K, used 5094K [0x0000000795580000, 0x0000000798000000, 0x00000007c0000000)
  eden space 33280K, 0% used [0x0000000795580000,0x0000000795580000,0x0000000797600000)
  from space 5120K, 99% used [0x0000000797b00000,0x0000000797ff9bd8,0x0000000798000000)
  to   space 5120K, 0% used [0x0000000797600000,0x0000000797600000,0x0000000797b00000)
 ParOldGen       total 87552K, used 7154K [0x0000000740000000, 0x0000000745580000, 0x0000000795580000)
  object space 87552K, 8% used [0x0000000740000000,0x00000007406fcb98,0x0000000745580000)
 Metaspace       used 20567K, capacity 21139K, committed 21296K, reserved 1069056K
  class space    used 2432K, capacity 2626K, committed 2688K, reserved 1048576K
}
Event: 14.826 GC heap before
{Heap before GC invocations=3 (full 1):
 PSYoungGen      total 38400K, used 5094K [0x0000000795580000, 0x0000000798000000, 0x00000007c0000000)
  eden space 33280K, 0% used [0x0000000795580000,0x0000000795580000,0x0000000797600000)
  from space 5120K, 99% used [0x0000000797b00000,0x0000000797ff9bd8,0x0000000798000000)
  to   space 5120K, 0% used [0x0000000797600000,0x0000000797600000,0x0000000797b00000)
 ParOldGen       total 87552K, used 7154K [0x0000000740000000, 0x0000000745580000, 0x0000000795580000)
  object space 87552K, 8% used [0x0000000740000000,0x00000007406fcb98,0x0000000745580000)
 Metaspace       used 20567K, capacity 21139K, committed 21296K, reserved 1069056K
  class space    used 2432K, capacity 2626K, committed 2688K, reserved 1048576K
Event: 14.867 GC heap after
Heap after GC invocations=3 (full 1):
 PSYoungGen      total 38400K, used 0K [0x0000000795580000, 0x0000000798000000, 0x00000007c0000000)
  eden space 33280K, 0% used [0x0000000795580000,0x0000000795580000,0x0000000797600000)
  from space 5120K, 0% used [0x0000000797b00000,0x0000000797b00000,0x0000000798000000)
  to   space 5120K, 0% used [0x0000000797600000,0x0000000797600000,0x0000000797b00000)
 ParOldGen       total 49152K, used 11375K [0x0000000740000000, 0x0000000743000000, 0x0000000795580000)
  object space 49152K, 23% used [0x0000000740000000,0x0000000740b1be10,0x0000000743000000)
 Metaspace       used 20567K, capacity 21139K, committed 21296K, reserved 1069056K
  class space    used 2432K, capacity 2626K, committed 2688K, reserved 1048576K
}
Event: 15.855 GC heap before
{Heap before GC invocations=4 (full 1):
 PSYoungGen      total 38400K, used 33280K [0x0000000795580000, 0x0000000798000000, 0x00000007c0000000)
  eden space 33280K, 100% used [0x0000000795580000,0x0000000797600000,0x0000000797600000)
  from space 5120K, 0% used [0x0000000797b00000,0x0000000797b00000,0x0000000798000000)
  to   space 5120K, 0% used [0x0000000797600000,0x0000000797600000,0x0000000797b00000)
 ParOldGen       total 49152K, used 11375K [0x0000000740000000, 0x0000000743000000, 0x0000000795580000)
  object space 49152K, 23% used [0x0000000740000000,0x0000000740b1be10,0x0000000743000000)
 Metaspace       used 23179K, capacity 23781K, committed 23936K, reserved 1071104K
  class space    used 2698K, capacity 2885K, committed 2944K, reserved 1048576K
Event: 15.861 GC heap after
Heap after GC invocations=4 (full 1):
 PSYoungGen      total 38400K, used 5102K [0x0000000795580000, 0x0000000798000000, 0x00000007c0000000)
  eden space 33280K, 0% used [0x0000000795580000,0x0000000795580000,0x0000000797600000)
  from space 5120K, 99% used [0x0000000797600000,0x0000000797afbbd0,0x0000000797b00000)
  to   space 5120K, 0% used [0x0000000797b00000,0x0000000797b00000,0x0000000798000000)
 ParOldGen       total 49152K, used 11870K [0x0000000740000000, 0x0000000743000000, 0x0000000795580000)
  object space 49152K, 24% used [0x0000000740000000,0x0000000740b97b70,0x0000000743000000)
 Metaspace       used 23179K, capacity 23781K, committed 23936K, reserved 1071104K
  class space    used 2698K, capacity 2885K, committed 2944K, reserved 1048576K
}

Deoptimization events (10 events):
Event: 15.305 Thread 0x00007f98cf33e800 Uncommon trap: reason=unstable_if action=reinterpret pc=0x00000001198aff04 method=com.sun.org.apache.xerces.internal.impl.XMLEntityScanner.scanContent(Lcom/sun/org/apache/xerces/internal/xni/XMLString;)I @ 526
Event: 15.397 Thread 0x00007f98cf33e800 Uncommon trap: reason=unstable_if action=reinterpret pc=0x00000001198f5de0 method=sun.misc.FloatingDecimal.readJavaFormatString(Ljava/lang/String;)Lsun/misc/FloatingDecimal$ASCIIToBinaryConverter; @ 733
Event: 15.427 Thread 0x00007f98cf33e800 Uncommon trap: reason=unstable_if action=reinterpret pc=0x0000000119883218 method=com.sun.org.apache.xerces.internal.impl.XMLEntityScanner.skipSpaces()Z @ 303
Event: 15.461 Thread 0x00007f98cf33e800 Uncommon trap: reason=unstable_if action=reinterpret pc=0x0000000119919e30 method=sun.misc.FloatingDecimal$ASCIIToBinaryBuffer.floatValue()F @ 83
Event: 15.894 Thread 0x00007f98cf33e800 Uncommon trap: reason=class_check action=maybe_recompile pc=0x0000000119880974 method=java.util.regex.Pattern$Branch.match(Ljava/util/regex/Matcher;ILjava/lang/CharSequence;)Z @ 50
Event: 15.894 Thread 0x00007f98cf33e800 Uncommon trap: reason=class_check action=maybe_recompile pc=0x0000000119880974 method=java.util.regex.Pattern$Branch.match(Ljava/util/regex/Matcher;ILjava/lang/CharSequence;)Z @ 50
Event: 15.894 Thread 0x00007f98cf33e800 Uncommon trap: reason=class_check action=maybe_recompile pc=0x0000000119880974 method=java.util.regex.Pattern$Branch.match(Ljava/util/regex/Matcher;ILjava/lang/CharSequence;)Z @ 50
Event: 15.894 Thread 0x00007f98cf33e800 Uncommon trap: reason=class_check action=maybe_recompile pc=0x0000000119880974 method=java.util.regex.Pattern$Branch.match(Ljava/util/regex/Matcher;ILjava/lang/CharSequence;)Z @ 50
Event: 16.072 Thread 0x00007f98cf33e800 Uncommon trap: reason=bimorphic action=maybe_recompile pc=0x0000000119707018 method=java.util.HashMap.putVal(ILjava/lang/Object;Ljava/lang/Object;ZZ)Ljava/lang/Object; @ 203
Event: 16.077 Thread 0x00007f98cf33e800 Uncommon trap: reason=bimorphic action=maybe_recompile pc=0x0000000119707018 method=java.util.HashMap.putVal(ILjava/lang/Object;Ljava/lang/Object;ZZ)Ljava/lang/Object; @ 203

Internal exceptions (10 events):
Event: 14.555 Thread 0x00007f98cf33e800 Exception <a 'java/security/PrivilegedActionException'> (0x0000000796afc488) thrown at [/Users/java_re/workspace/8-2-build-macosx-x86_64/jdk8u102/7268/hotspot/src/share/vm/prims/jvm.cpp, line 1386]
Event: 14.556 Thread 0x00007f98cf33e800 Exception <a 'org/lwjgl/LWJGLException': Could not load OpenAL library> (0x0000000796afded0) thrown at [/Users/java_re/workspace/8-2-build-macosx-x86_64/jdk8u102/7268/hotspot/src/share/vm/prims/jni.cpp, line 735]
Event: 14.557 Thread 0x00007f98cf33e800 Exception <a 'org/lwjgl/LWJGLException': Could not load OpenAL library> (0x0000000796afe498) thrown at [/Users/java_re/workspace/8-2-build-macosx-x86_64/jdk8u102/7268/hotspot/src/share/vm/prims/jni.cpp, line 735]
Event: 14.557 Thread 0x00007f98cf33e800 Exception <a 'org/lwjgl/LWJGLException': Could not load OpenAL library> (0x0000000796afea28) thrown at [/Users/java_re/workspace/8-2-build-macosx-x86_64/jdk8u102/7268/hotspot/src/share/vm/prims/jni.cpp, line 735]
Event: 14.557 Thread 0x00007f98cf33e800 Exception <a 'org/lwjgl/LWJGLException': Could not load OpenAL library> (0x0000000796afef10) thrown at [/Users/java_re/workspace/8-2-build-macosx-x86_64/jdk8u102/7268/hotspot/src/share/vm/prims/jni.cpp, line 735]
Event: 14.557 Thread 0x00007f98cf33e800 Exception <a 'org/lwjgl/LWJGLException': Could not load OpenAL library> (0x0000000796aff438) thrown at [/Users/java_re/workspace/8-2-build-macosx-x86_64/jdk8u102/7268/hotspot/src/share/vm/prims/jni.cpp, line 735]
Event: 14.557 Thread 0x00007f98cf33e800 Exception <a 'org/lwjgl/LWJGLException': Could not load OpenAL library> (0x0000000796aff958) thrown at [/Users/java_re/workspace/8-2-build-macosx-x86_64/jdk8u102/7268/hotspot/src/share/vm/prims/jni.cpp, line 735]
Event: 14.557 Thread 0x00007f98cf33e800 Exception <a 'org/lwjgl/LWJGLException': Could not load OpenAL library> (0x0000000796affde8) thrown at [/Users/java_re/workspace/8-2-build-macosx-x86_64/jdk8u102/7268/hotspot/src/share/vm/prims/jni.cpp, line 735]
Event: 14.558 Thread 0x00007f98cf33e800 Exception <a 'org/lwjgl/LWJGLException': Could not load OpenAL library> (0x0000000796b00238) thrown at [/Users/java_re/workspace/8-2-build-macosx-x86_64/jdk8u102/7268/hotspot/src/share/vm/prims/jni.cpp, line 735]
Event: 14.558 Thread 0x00007f98cf33e800 Exception <a 'org/lwjgl/LWJGLException': Could not load OpenAL library> (0x0000000796b007b8) thrown at [/Users/java_re/workspace/8-2-build-macosx-x86_64/jdk8u102/7268/hotspot/src/share/vm/prims/jni.cpp, line 735]

Events (10 events):
Event: 16.368 Executing VM operation: RevokeBias
Event: 16.368 Executing VM operation: RevokeBias done
Event: 16.368 Executing VM operation: RevokeBias
Event: 16.368 Executing VM operation: RevokeBias done
Event: 16.368 Executing VM operation: RevokeBias
Event: 16.369 Executing VM operation: RevokeBias done
Event: 16.369 Executing VM operation: RevokeBias
Event: 16.369 Executing VM operation: RevokeBias done
Event: 16.372 Executing VM operation: RevokeBias
Event: 16.372 Executing VM operation: RevokeBias done


Dynamic libraries:
0x000000000e396000 	/System/Library/Frameworks/Cocoa.framework/Versions/A/Cocoa
0x000000000e396000 	/System/Library/Frameworks/Security.framework/Versions/A/Security
0x000000000e396000 	/System/Library/Frameworks/ApplicationServices.framework/Versions/A/ApplicationServices
0x000000000e396000 	/usr/lib/libz.1.dylib
0x000000000e396000 	/usr/lib/libSystem.B.dylib
0x000000000e396000 	/usr/lib/libobjc.A.dylib
0x000000000e396000 	/System/Library/Frameworks/CoreFoundation.framework/Versions/A/CoreFoundation
0x000000000e396000 	/System/Library/Frameworks/Foundation.framework/Versions/C/Foundation
0x000000000e396000 	/System/Library/Frameworks/AppKit.framework/Versions/C/AppKit
0x000000000e396000 	/System/Library/Frameworks/CoreData.framework/Versions/A/CoreData
0x000000000e396000 	/System/Library/PrivateFrameworks/RemoteViewServices.framework/Versions/A/RemoteViewServices
0x000000000e396000 	/System/Library/PrivateFrameworks/UIFoundation.framework/Versions/A/UIFoundation
0x000000000e396000 	/System/Library/PrivateFrameworks/DFRFoundation.framework/Versions/A/DFRFoundation
0x000000000e396000 	/usr/lib/libenergytrace.dylib
0x000000000e396000 	/System/Library/PrivateFrameworks/SkyLight.framework/Versions/A/SkyLight
0x000000000e396000 	/System/Library/Frameworks/CoreGraphics.framework/Versions/A/CoreGraphics
0x000000000e396000 	/usr/lib/libScreenReader.dylib
0x000000000e396000 	/System/Library/Frameworks/Accelerate.framework/Versions/A/Accelerate
0x000000000e396000 	/System/Library/Frameworks/IOSurface.framework/Versions/A/IOSurface
0x000000000e396000 	/System/Library/Frameworks/AudioToolbox.framework/Versions/A/AudioToolbox
0x000000000e396000 	/System/Library/Frameworks/AudioUnit.framework/Versions/A/AudioUnit
0x000000000e396000 	/System/Library/PrivateFrameworks/DataDetectorsCore.framework/Versions/A/DataDetectorsCore
0x000000000e396000 	/System/Library/PrivateFrameworks/DesktopServicesPriv.framework/Versions/A/DesktopServicesPriv
0x000000000e396000 	/System/Library/Frameworks/Carbon.framework/Versions/A/Frameworks/HIToolbox.framework/Versions/A/HIToolbox
0x000000000e396000 	/usr/lib/libicucore.A.dylib
0x000000000e396000 	/System/Library/Frameworks/QuartzCore.framework/Versions/A/QuartzCore
0x000000000e396000 	/System/Library/Frameworks/Carbon.framework/Versions/A/Frameworks/SpeechRecognition.framework/Versions/A/SpeechRecognition
0x000000000e396000 	/usr/lib/libauto.dylib
0x000000000e396000 	/usr/lib/libxml2.2.dylib
0x000000000e396000 	/System/Library/PrivateFrameworks/CoreUI.framework/Versions/A/CoreUI
0x000000000e396000 	/System/Library/Frameworks/CoreAudio.framework/Versions/A/CoreAudio
0x000000000e396000 	/System/Library/Frameworks/DiskArbitration.framework/Versions/A/DiskArbitration
0x000000000e396000 	/usr/lib/liblangid.dylib
0x000000000e396000 	/System/Library/PrivateFrameworks/MultitouchSupport.framework/Versions/A/MultitouchSupport
0x000000000e396000 	/System/Library/Frameworks/IOKit.framework/Versions/A/IOKit
0x000000000e396000 	/usr/lib/libDiagnosticMessagesClient.dylib
0x000000000e396000 	/System/Library/Frameworks/CoreServices.framework/Versions/A/CoreServices
0x000000000e396000 	/System/Library/PrivateFrameworks/PerformanceAnalysis.framework/Versions/A/PerformanceAnalysis
0x000000000e396000 	/System/Library/PrivateFrameworks/GenerationalStorage.framework/Versions/A/GenerationalStorage
0x000000000e396000 	/System/Library/Frameworks/OpenGL.framework/Versions/A/OpenGL
0x000000000e396000 	/System/Library/Frameworks/CoreImage.framework/Versions/A/CoreImage
0x000000000e396000 	/System/Library/Frameworks/CoreText.framework/Versions/A/CoreText
0x000000000e396000 	/System/Library/Frameworks/ImageIO.framework/Versions/A/ImageIO
0x000000000e396000 	/System/Library/PrivateFrameworks/Backup.framework/Versions/A/Backup
0x000000000e396000 	/usr/lib/libarchive.2.dylib
0x000000000e396000 	/System/Library/Frameworks/CFNetwork.framework/Versions/A/CFNetwork
0x000000000e396000 	/System/Library/Frameworks/SystemConfiguration.framework/Versions/A/SystemConfiguration
0x000000000e396000 	/usr/lib/libCRFSuite.dylib
0x000000000e396000 	/usr/lib/libc++.1.dylib
0x000000000e396000 	/usr/lib/libc++abi.dylib
0x000000000e396000 	/usr/lib/system/libcache.dylib
0x000000000e396000 	/usr/lib/system/libcommonCrypto.dylib
0x000000000e396000 	/usr/lib/system/libcompiler_rt.dylib
0x000000000e396000 	/usr/lib/system/libcopyfile.dylib
0x000000000e396000 	/usr/lib/system/libcorecrypto.dylib
0x000000000e396000 	/usr/lib/system/libdispatch.dylib
0x000000000e396000 	/usr/lib/system/libdyld.dylib
0x000000000e396000 	/usr/lib/system/libkeymgr.dylib
0x000000000e396000 	/usr/lib/system/liblaunch.dylib
0x000000000e396000 	/usr/lib/system/libmacho.dylib
0x000000000e396000 	/usr/lib/system/libquarantine.dylib
0x000000000e396000 	/usr/lib/system/libremovefile.dylib
0x000000000e396000 	/usr/lib/system/libsystem_asl.dylib
0x000000000e396000 	/usr/lib/system/libsystem_blocks.dylib
0x000000000e396000 	/usr/lib/system/libsystem_c.dylib
0x000000000e396000 	/usr/lib/system/libsystem_configuration.dylib
0x000000000e396000 	/usr/lib/system/libsystem_coreservices.dylib
0x000000000e396000 	/usr/lib/system/libsystem_coretls.dylib
0x000000000e396000 	/usr/lib/system/libsystem_dnssd.dylib
0x000000000e396000 	/usr/lib/system/libsystem_info.dylib
0x000000000e396000 	/usr/lib/system/libsystem_kernel.dylib
0x000000000e396000 	/usr/lib/system/libsystem_m.dylib
0x000000000e396000 	/usr/lib/system/libsystem_malloc.dylib
0x000000000e396000 	/usr/lib/system/libsystem_network.dylib
0x000000000e396000 	/usr/lib/system/libsystem_networkextension.dylib
0x000000000e396000 	/usr/lib/system/libsystem_notify.dylib
0x000000000e396000 	/usr/lib/system/libsystem_platform.dylib
0x000000000e396000 	/usr/lib/system/libsystem_pthread.dylib
0x000000000e396000 	/usr/lib/system/libsystem_sandbox.dylib
0x000000000e396000 	/usr/lib/system/libsystem_secinit.dylib
0x000000000e396000 	/usr/lib/system/libsystem_symptoms.dylib
0x000000000e396000 	/usr/lib/system/libsystem_trace.dylib
0x000000000e396000 	/usr/lib/system/libunwind.dylib
0x000000000e396000 	/usr/lib/system/libxpc.dylib
0x000000000e396000 	/usr/lib/libbsm.0.dylib
0x000000000e396000 	/usr/lib/system/libkxld.dylib
0x000000000e396000 	/usr/lib/libcoretls.dylib
0x000000000e396000 	/usr/lib/libcoretls_cfhelpers.dylib
0x000000000e396000 	/usr/lib/libOpenScriptingUtil.dylib
0x000000000e396000 	/usr/lib/libpam.2.dylib
0x000000000e396000 	/usr/lib/libsqlite3.dylib
0x000000000e396000 	/usr/lib/libxar.1.dylib
0x000000000e396000 	/usr/lib/libbz2.1.0.dylib
0x000000000e396000 	/usr/lib/liblzma.5.dylib
0x000000000e396000 	/usr/lib/libnetwork.dylib
0x000000000e396000 	/usr/lib/libpcap.A.dylib
0x000000000e396000 	/System/Library/Frameworks/CoreServices.framework/Versions/A/Frameworks/FSEvents.framework/Versions/A/FSEvents
0x000000000e396000 	/System/Library/Frameworks/CoreServices.framework/Versions/A/Frameworks/CarbonCore.framework/Versions/A/CarbonCore
0x000000000e396000 	/System/Library/Frameworks/CoreServices.framework/Versions/A/Frameworks/Metadata.framework/Versions/A/Metadata
0x000000000e396000 	/System/Library/Frameworks/CoreServices.framework/Versions/A/Frameworks/OSServices.framework/Versions/A/OSServices
0x000000000e396000 	/System/Library/Frameworks/CoreServices.framework/Versions/A/Frameworks/SearchKit.framework/Versions/A/SearchKit
0x000000000e396000 	/System/Library/Frameworks/CoreServices.framework/Versions/A/Frameworks/AE.framework/Versions/A/AE
0x000000000e396000 	/System/Library/Frameworks/CoreServices.framework/Versions/A/Frameworks/LaunchServices.framework/Versions/A/LaunchServices
0x000000000e396000 	/System/Library/Frameworks/CoreServices.framework/Versions/A/Frameworks/DictionaryServices.framework/Versions/A/DictionaryServices
0x000000000e396000 	/System/Library/Frameworks/CoreServices.framework/Versions/A/Frameworks/SharedFileList.framework/Versions/A/SharedFileList
0x000000000e396000 	/System/Library/Frameworks/NetFS.framework/Versions/A/NetFS
0x000000000e396000 	/System/Library/PrivateFrameworks/NetAuth.framework/Versions/A/NetAuth
0x000000000e396000 	/System/Library/PrivateFrameworks/login.framework/Versions/A/Frameworks/loginsupport.framework/Versions/A/loginsupport
0x000000000e396000 	/System/Library/PrivateFrameworks/TCC.framework/Versions/A/TCC
0x000000000e396000 	/usr/lib/libmecabra.dylib
0x000000000e396000 	/System/Library/Frameworks/ApplicationServices.framework/Versions/A/Frameworks/ATS.framework/Versions/A/ATS
0x000000000e396000 	/System/Library/Frameworks/ApplicationServices.framework/Versions/A/Frameworks/ColorSync.framework/Versions/A/ColorSync
0x000000000e396000 	/System/Library/Frameworks/ApplicationServices.framework/Versions/A/Frameworks/HIServices.framework/Versions/A/HIServices
0x000000000e396000 	/System/Library/Frameworks/ApplicationServices.framework/Versions/A/Frameworks/LangAnalysis.framework/Versions/A/LangAnalysis
0x000000000e396000 	/System/Library/Frameworks/ApplicationServices.framework/Versions/A/Frameworks/PrintCore.framework/Versions/A/PrintCore
0x000000000e396000 	/System/Library/Frameworks/ApplicationServices.framework/Versions/A/Frameworks/QD.framework/Versions/A/QD
0x000000000e396000 	/System/Library/Frameworks/ApplicationServices.framework/Versions/A/Frameworks/SpeechSynthesis.framework/Versions/A/SpeechSynthesis
0x000000000e396000 	/System/Library/Frameworks/Accelerate.framework/Versions/A/Frameworks/vImage.framework/Versions/A/vImage
0x000000000e396000 	/System/Library/Frameworks/Accelerate.framework/Versions/A/Frameworks/vecLib.framework/Versions/A/vecLib
0x000000000e396000 	/System/Library/Frameworks/Accelerate.framework/Versions/A/Frameworks/vecLib.framework/Versions/A/libvDSP.dylib
0x000000000e396000 	/System/Library/Frameworks/Accelerate.framework/Versions/A/Frameworks/vecLib.framework/Versions/A/libBNNS.dylib
0x000000000e396000 	/System/Library/Frameworks/Accelerate.framework/Versions/A/Frameworks/vecLib.framework/Versions/A/libQuadrature.dylib
0x000000000e396000 	/System/Library/Frameworks/Accelerate.framework/Versions/A/Frameworks/vecLib.framework/Versions/A/libvMisc.dylib
0x000000000e396000 	/System/Library/Frameworks/Accelerate.framework/Versions/A/Frameworks/vecLib.framework/Versions/A/libLAPACK.dylib
0x000000000e396000 	/System/Library/Frameworks/Accelerate.framework/Versions/A/Frameworks/vecLib.framework/Versions/A/libBLAS.dylib
0x000000000e396000 	/System/Library/Frameworks/Accelerate.framework/Versions/A/Frameworks/vecLib.framework/Versions/A/libLinearAlgebra.dylib
0x000000000e396000 	/System/Library/Frameworks/Accelerate.framework/Versions/A/Frameworks/vecLib.framework/Versions/A/libSparseBLAS.dylib
0x000000000e396000 	/System/Library/Frameworks/ApplicationServices.framework/Versions/A/Frameworks/ATS.framework/Versions/A/Resources/libFontParser.dylib
0x000000000e396000 	/System/Library/Frameworks/ApplicationServices.framework/Versions/A/Frameworks/ATS.framework/Versions/A/Resources/libFontRegistry.dylib
0x000000000e396000 	/System/Library/Frameworks/ImageIO.framework/Versions/A/Resources/libJPEG.dylib
0x000000000e396000 	/System/Library/Frameworks/ImageIO.framework/Versions/A/Resources/libTIFF.dylib
0x000000000e396000 	/System/Library/Frameworks/ImageIO.framework/Versions/A/Resources/libPng.dylib
0x000000000e396000 	/System/Library/Frameworks/ImageIO.framework/Versions/A/Resources/libGIF.dylib
0x000000000e396000 	/System/Library/Frameworks/ImageIO.framework/Versions/A/Resources/libJP2.dylib
0x000000000e396000 	/System/Library/Frameworks/ImageIO.framework/Versions/A/Resources/libRadiance.dylib
0x000000000e396000 	/usr/lib/libcompression.dylib
0x000000000e396000 	/System/Library/PrivateFrameworks/AppleJPEG.framework/Versions/A/AppleJPEG
0x000000000e396000 	/usr/lib/libcups.2.dylib
0x000000000e396000 	/System/Library/Frameworks/Kerberos.framework/Versions/A/Kerberos
0x000000000e396000 	/System/Library/Frameworks/GSS.framework/Versions/A/GSS
0x000000000e396000 	/usr/lib/libresolv.9.dylib
0x000000000e396000 	/usr/lib/libiconv.2.dylib
0x000000000e396000 	/System/Library/PrivateFrameworks/Heimdal.framework/Versions/A/Heimdal
0x000000000e396000 	/usr/lib/libheimdal-asn1.dylib
0x000000000e396000 	/System/Library/Frameworks/OpenDirectory.framework/Versions/A/OpenDirectory
0x000000000e396000 	/System/Library/PrivateFrameworks/CommonAuth.framework/Versions/A/CommonAuth
0x000000000e396000 	/System/Library/Frameworks/OpenDirectory.framework/Versions/A/Frameworks/CFOpenDirectory.framework/Versions/A/CFOpenDirectory
0x000000000e396000 	/System/Library/Frameworks/SecurityFoundation.framework/Versions/A/SecurityFoundation
0x000000000e396000 	/System/Library/PrivateFrameworks/LanguageModeling.framework/Versions/A/LanguageModeling
0x000000000e396000 	/usr/lib/libmarisa.dylib
0x000000000e396000 	/usr/lib/libChineseTokenizer.dylib
0x000000000e396000 	/usr/lib/libcmph.dylib
0x000000000e396000 	/System/Library/PrivateFrameworks/CoreEmoji.framework/Versions/A/CoreEmoji
0x000000000e396000 	/System/Library/Frameworks/ServiceManagement.framework/Versions/A/ServiceManagement
0x000000000e396000 	/usr/lib/libxslt.1.dylib
0x000000000e396000 	/System/Library/Frameworks/Carbon.framework/Versions/A/Frameworks/Ink.framework/Versions/A/Ink
0x000000000e396000 	/System/Library/PrivateFrameworks/TextureIO.framework/Versions/A/TextureIO
0x000000000e396000 	/System/Library/Frameworks/Metal.framework/Versions/A/Metal
0x000000000e396000 	/usr/lib/libate.dylib
0x000000000e396000 	/System/Library/PrivateFrameworks/GPUCompiler.framework/libmetal_timestamp.dylib
0x000000000e396000 	/System/Library/Frameworks/OpenGL.framework/Versions/A/Libraries/libCoreFSCache.dylib
0x000000000e396000 	/System/Library/PrivateFrameworks/IOAccelerator.framework/Versions/A/IOAccelerator
0x000000000e396000 	/System/Library/Frameworks/CoreVideo.framework/Versions/A/CoreVideo
0x000000000e396000 	/usr/lib/libFosl_dynamic.dylib
0x000000000e396000 	/System/Library/PrivateFrameworks/MetalPerformanceShaders.framework/Versions/A/MetalPerformanceShaders
0x000000000e396000 	/System/Library/PrivateFrameworks/FaceCore.framework/Versions/A/FaceCore
0x000000000e396000 	/System/Library/Frameworks/OpenCL.framework/Versions/A/OpenCL
0x000000000e396000 	/System/Library/Frameworks/OpenGL.framework/Versions/A/Libraries/libGLU.dylib
0x000000000e396000 	/System/Library/Frameworks/OpenGL.framework/Versions/A/Libraries/libGFXShared.dylib
0x000000000e396000 	/System/Library/Frameworks/OpenGL.framework/Versions/A/Libraries/libGL.dylib
0x000000000e396000 	/System/Library/Frameworks/OpenGL.framework/Versions/A/Libraries/libGLImage.dylib
0x000000000e396000 	/System/Library/Frameworks/OpenGL.framework/Versions/A/Libraries/libCVMSPluginSupport.dylib
0x000000000e396000 	/System/Library/Frameworks/OpenGL.framework/Versions/A/Libraries/libCoreVMClient.dylib
0x000000000e396000 	/System/Library/PrivateFrameworks/CrashReporterSupport.framework/Versions/A/CrashReporterSupport
0x000000000e396000 	/System/Library/PrivateFrameworks/Sharing.framework/Versions/A/Sharing
0x000000000e396000 	/System/Library/PrivateFrameworks/IconServices.framework/Versions/A/IconServices
0x000000000e396000 	/System/Library/PrivateFrameworks/ProtocolBuffer.framework/Versions/A/ProtocolBuffer
0x000000000e396000 	/System/Library/PrivateFrameworks/Apple80211.framework/Versions/A/Apple80211
0x000000000e396000 	/System/Library/Frameworks/CoreWLAN.framework/Versions/A/CoreWLAN
0x000000000e396000 	/System/Library/PrivateFrameworks/CoreUtils.framework/Versions/A/CoreUtils
0x000000000e396000 	/System/Library/Frameworks/IOBluetooth.framework/Versions/A/IOBluetooth
0x000000000e396000 	/System/Library/PrivateFrameworks/CoreWiFi.framework/Versions/A/CoreWiFi
0x000000000e396000 	/System/Library/Frameworks/CoreBluetooth.framework/Versions/A/CoreBluetooth
0x000000000e396000 	/System/Library/Frameworks/CoreDisplay.framework/Versions/A/CoreDisplay
0x000000000e396000 	/System/Library/PrivateFrameworks/IOPresentment.framework/Versions/A/IOPresentment
0x000000000e396000 	/System/Library/PrivateFrameworks/DSExternalDisplay.framework/Versions/A/DSExternalDisplay
0x000000000e396000 	/System/Library/PrivateFrameworks/DebugSymbols.framework/Versions/A/DebugSymbols
0x000000000e396000 	/System/Library/PrivateFrameworks/CoreSymbolication.framework/Versions/A/CoreSymbolication
0x000000000e396000 	/System/Library/PrivateFrameworks/Symbolication.framework/Versions/A/Symbolication
0x000000000e396000 	/System/Library/PrivateFrameworks/AppleFSCompression.framework/Versions/A/AppleFSCompression
0x000000000e396000 	/System/Library/PrivateFrameworks/SpeechRecognitionCore.framework/Versions/A/SpeechRecognitionCore
0x000000000e396000 	/System/Library/PrivateFrameworks/ChunkingLibrary.framework/Versions/A/ChunkingLibrary
0x000000010c800000 	/Library/Java/JavaVirtualMachines/jdk1.8.0_102.jdk/Contents/Home/jre/lib/server/libjvm.dylib
0x000000000e396000 	/usr/lib/libstdc++.6.dylib
0x000000010be44000 	/Library/Java/JavaVirtualMachines/jdk1.8.0_102.jdk/Contents/Home/jre/lib/libverify.dylib
0x000000010be52000 	/Library/Java/JavaVirtualMachines/jdk1.8.0_102.jdk/Contents/Home/jre/lib/libjava.dylib
0x000000010be91000 	/Library/Java/JavaVirtualMachines/jdk1.8.0_102.jdk/Contents/Home/jre/lib/libzip.dylib
0x0000000113fa3000 	/System/Library/Frameworks/JavaVM.framework/Frameworks/JavaRuntimeSupport.framework/JavaRuntimeSupport
0x0000000113fbd000 	/System/Library/Frameworks/JavaVM.framework/Versions/A/Frameworks/JavaNativeFoundation.framework/Versions/A/JavaNativeFoundation
0x0000000113fd2000 	/System/Library/Frameworks/JavaVM.framework/Versions/A/JavaVM
0x000000000e396000 	/System/Library/Frameworks/Carbon.framework/Versions/A/Carbon
0x0000000113fdf000 	/System/Library/PrivateFrameworks/JavaLaunching.framework/Versions/A/JavaLaunching
0x000000000e396000 	/System/Library/Frameworks/Carbon.framework/Versions/A/Frameworks/CommonPanels.framework/Versions/A/CommonPanels
0x000000000e396000 	/System/Library/Frameworks/Carbon.framework/Versions/A/Frameworks/Help.framework/Versions/A/Help
0x000000000e396000 	/System/Library/Frameworks/Carbon.framework/Versions/A/Frameworks/ImageCapture.framework/Versions/A/ImageCapture
0x000000000e396000 	/System/Library/Frameworks/Carbon.framework/Versions/A/Frameworks/OpenScripting.framework/Versions/A/OpenScripting
0x000000000e396000 	/System/Library/Frameworks/Carbon.framework/Versions/A/Frameworks/Print.framework/Versions/A/Print
0x000000000e396000 	/System/Library/Frameworks/Carbon.framework/Versions/A/Frameworks/SecurityHI.framework/Versions/A/SecurityHI
0x00000001159a4000 	/Library/Java/JavaVirtualMachines/jdk1.8.0_102.jdk/Contents/Home/jre/lib/libprism_es2.dylib
0x0000000115a0a000 	/System/Library/Frameworks/OpenGL.framework/Resources/GLEngine.bundle/GLEngine
0x000000000e396000 	/System/Library/Frameworks/OpenGL.framework/Versions/A/Libraries/libGLProgrammability.dylib
0x0000000115bef000 	/System/Library/Extensions/AppleIntelHD5000GraphicsGLDriver.bundle/Contents/MacOS/AppleIntelHD5000GraphicsGLDriver
0x000000000e396000 	/System/Library/PrivateFrameworks/GPUSupport.framework/Versions/A/Libraries/libGPUSupportMercury.dylib
0x0000000116362000 	/System/Library/Frameworks/OpenGL.framework/Resources//GLRendererFloat.bundle/GLRendererFloat
0x000000000e396000 	/System/Library/Frameworks/OpenCL.framework/Versions/A/Libraries/libcldcpuengine.dylib
0x000000000e396000 	/usr/lib/libcrypto.0.9.8.dylib
0x000000000e396000 	/System/Library/PrivateFrameworks/TrustEvaluationAgent.framework/Versions/A/TrustEvaluationAgent
0x00000001167c5000 	/Library/Java/JavaVirtualMachines/jdk1.8.0_102.jdk/Contents/Home/jre/lib/libglass.dylib
0x000000000e396000 	/System/Library/PrivateFrameworks/CoreServicesInternal.framework/Versions/A/CoreServicesInternal
0x000000000e396000 	/System/Library/CoreServices/RawCamera.bundle/Contents/MacOS/RawCamera
0x000000000e396000 	/System/Library/Frameworks/Accelerate.framework/Versions/A/Frameworks/vImage.framework/Versions/A/Libraries/libCGInterfaces.dylib
0x000000000e396000 	/System/Library/PrivateFrameworks/FamilyControls.framework/Versions/A/FamilyControls
0x000000000e396000 	/System/Library/PrivateFrameworks/CommerceKit.framework/Versions/A/Frameworks/CommerceCore.framework/Versions/A/CommerceCore
0x000000000e396000 	/System/Library/PrivateFrameworks/SystemAdministration.framework/Versions/A/SystemAdministration
0x000000000e396000 	/System/Library/PrivateFrameworks/AppContainer.framework/Versions/A/AppContainer
0x000000000e396000 	/System/Library/PrivateFrameworks/SecCodeWrapper.framework/Versions/A/SecCodeWrapper
0x000000000e396000 	/System/Library/Frameworks/DirectoryService.framework/Versions/A/DirectoryService
0x000000000e396000 	/System/Library/PrivateFrameworks/DiskImages.framework/Versions/A/DiskImages
0x000000000e396000 	/System/Library/PrivateFrameworks/LoginUIKit.framework/Versions/A/Frameworks/LoginUICore.framework/Versions/A/LoginUICore
0x000000000e396000 	/usr/lib/libCoreStorage.dylib
0x000000000e396000 	/usr/lib/libcsfde.dylib
0x000000000e396000 	/usr/lib/libodfde.dylib
0x000000000e396000 	/System/Library/Frameworks/DiscRecording.framework/Versions/A/DiscRecording
0x000000000e396000 	/usr/lib/libcurl.4.dylib
0x000000000e396000 	/System/Library/PrivateFrameworks/MediaKit.framework/Versions/A/MediaKit
0x000000000e396000 	/System/Library/PrivateFrameworks/ProtectedCloudStorage.framework/Versions/A/ProtectedCloudStorage
0x000000000e396000 	/System/Library/PrivateFrameworks/EFILogin.framework/Versions/A/EFILogin
0x000000000e396000 	/usr/lib/libutil.dylib
0x000000000e396000 	/System/Library/Frameworks/LDAP.framework/Versions/A/LDAP
0x000000000e396000 	/usr/lib/libsasl2.2.dylib
0x000000000e396000 	/System/Library/PrivateFrameworks/CoreDaemon.framework/Versions/B/CoreDaemon
0x000000000e396000 	/System/Library/PrivateFrameworks/AppleSRP.framework/Versions/A/AppleSRP
0x000000000e396000 	/System/Library/PrivateFrameworks/APFS.framework/Versions/A/APFS
0x000000011683d000 	/Library/Java/JavaVirtualMachines/jdk1.8.0_102.jdk/Contents/Home/jre/lib/libjavafx_font.dylib
0x000000000e396000 	/System/Library/Frameworks/ApplicationServices.framework/Versions/A/Frameworks/ATS.framework/Versions/A/Resources/libTrueTypeScaler.dylib
0x000000012c76f000 	/System/Library/Extensions/AppleIntelHD5000GraphicsMTLDriver.bundle/Contents/MacOS/AppleIntelHD5000GraphicsMTLDriver
0x000000000e396000 	/System/Library/PrivateFrameworks/ViewBridge.framework/Versions/A/ViewBridge
0x000000000e396000 	/System/Library/PrivateFrameworks/XPCService.framework/Versions/A/XPCService
0x000000000e396000 	/System/Library/PrivateFrameworks/AppSandbox.framework/Versions/A/AppSandbox
0x000000000e396000 	/usr/lib/libsandbox.1.dylib
0x000000000e396000 	/usr/lib/libMatch.1.dylib
0x000000012f696000 	/Library/Java/JavaVirtualMachines/jdk1.8.0_102.jdk/Contents/Home/jre/lib/libprism_common.dylib
0x00000001178d1000 	/Users/anjanbharadwaj/gameDir/P4_G4_3DGame/libopenal.dylib
0x000000012a2d8000 	/Library/Java/JavaVirtualMachines/jdk1.8.0_102.jdk/Contents/Home/jre/lib/libawt.dylib
0x000000012a380000 	/Library/Java/JavaVirtualMachines/jdk1.8.0_102.jdk/Contents/Home/jre/lib/./libmlib_image.dylib
0x000000012fbb0000 	/Library/Java/JavaVirtualMachines/jdk1.8.0_102.jdk/Contents/Home/jre/lib/libawt_lwawt.dylib
0x000000011792d000 	/Library/Java/JavaVirtualMachines/jdk1.8.0_102.jdk/Contents/Home/jre/lib/./libosxapp.dylib
0x000000000e396000 	/System/Library/Frameworks/ExceptionHandling.framework/Versions/A/ExceptionHandling
0x000000012a44c000 	/Library/Java/JavaVirtualMachines/jdk1.8.0_102.jdk/Contents/Home/jre/lib/libfontmanager.dylib
0x000000012fe65000 	/Users/anjanbharadwaj/gameDir/P4_G4_3DGame/liblwjgl.dylib
0x0000000117949000 	/Library/Java/JavaVirtualMachines/jdk1.8.0_102.jdk/Contents/Home/jre/lib/libjawt.dylib
0x000000000e396000 	/System/Library/Frameworks/OpenAL.framework/Versions/A/OpenAL
0x0000000134102000 	/System/Library/Components/CoreAudio.component/Contents/MacOS/CoreAudio
0x000000012f3e2000 	/System/Library/Extensions/AppleHDA.kext/Contents/PlugIns/AppleHDAHALPlugIn.bundle/Contents/MacOS/AppleHDAHALPlugIn

VM Arguments:
jvm_args: -Dfile.encoding=UTF-8 
java_command: GameDriver
java_class_path (initial): /Library/Java/JavaVirtualMachines/jdk1.8.0_102.jdk/Contents/Home/jre/lib/resources.jar:/Library/Java/JavaVirtualMachines/jdk1.8.0_102.jdk/Contents/Home/jre/lib/rt.jar:/Library/Java/JavaVirtualMachines/jdk1.8.0_102.jdk/Contents/Home/jre/lib/jsse.jar:/Library/Java/JavaVirtualMachines/jdk1.8.0_102.jdk/Contents/Home/jre/lib/jce.jar:/Library/Java/JavaVirtualMachines/jdk1.8.0_102.jdk/Contents/Home/jre/lib/charsets.jar:/Library/Java/JavaVirtualMachines/jdk1.8.0_102.jdk/Contents/Home/jre/lib/jfr.jar:/Library/Java/JavaVirtualMachines/jdk1.8.0_102.jdk/Contents/Home/jre/lib/ext/cldrdata.jar:/Library/Java/JavaVirtualMachines/jdk1.8.0_102.jdk/Contents/Home/jre/lib/ext/dnsns.jar:/Library/Java/JavaVirtualMachines/jdk1.8.0_102.jdk/Contents/Home/jre/lib/ext/jaccess.jar:/Library/Java/JavaVirtualMachines/jdk1.8.0_102.jdk/Contents/Home/jre/lib/ext/jfxrt.jar:/Library/Java/JavaVirtualMachines/jdk1.8.0_102.jdk/Contents/Home/jre/lib/ext/localedata.jar:/Library/Java/JavaVirtualMachines/jdk1.8.0_102.jdk/Contents/Home/jre/lib/ext/nashorn.jar:/Library/Java/JavaVirtualMachines/jdk1.8.0_102.jdk/Contents/Home/jre/lib/ext/sunec.jar:/Library/Java/JavaVirtualMachines/jdk1.8.0_102.jdk/Contents/Home/jre/lib/ext/sunjce_provider.jar:/Library/Java/JavaVirtualMachines/jdk1.8.0_102.jdk/Contents/Home/jre/lib/ext/sunpkcs11.jar:/Library/Java/JavaVirtualMachines/jdk1.8.0_102.jdk/Contents/Home/jre/lib/ext/zipfs.jar:/System/Library/Java/Extensions/MRJToolkit.jar:/Users/anjanbharadwaj/gameDir/P4_G4_3DGame/bin:/Users/anjanbharadwaj/gameDir/P4_G4_3DGame/jME3.2-stable/lib/xpp3.jar:/Users/anjanbharadwaj/gameDir/P4_G4_3DGame/jME3.2-stable/lib/vecmath.jar:/Users/anjanbharadwaj/gameDir/P4_G4_3DGame/jME3.2-stable/lib/stack-alloc.jar:/Users/anjanbharadwaj/gameDir/P4_G4_3DGame/jME3.2-stable/lib/simple.jar:/Users/anjanbharadwaj/gameDir/P4_G4_3DGame/jME3.2-stable/lib/nifty.jar:/Users/anjanbharadwaj/gameDir/P4_G4_3DGame/jME3.2-stable/lib/nifty-style-black.jar:/Users/anjanbharadwaj/gameDir/P4_G4_3D
Launcher Type: SUN_STANDARD

Environment Variables:
PATH=/usr/bin:/bin:/usr/sbin:/sbin
SHELL=/bin/bash

Signal Handlers:
SIGSEGV: [libjvm.dylib+0x5b0579], sa_mask[0]=11111111011111110111111111111111, sa_flags=SA_ONSTACK|SA_RESTART|SA_SIGINFO
SIGBUS: [libjvm.dylib+0x5b0579], sa_mask[0]=11111111011111110111111111111111, sa_flags=SA_RESTART|SA_SIGINFO
SIGFPE: [libjvm.dylib+0x4874e4], sa_mask[0]=11111111011111110111111111111111, sa_flags=SA_RESTART|SA_SIGINFO
SIGPIPE: [libjvm.dylib+0x4874e4], sa_mask[0]=11111111011111110111111111111111, sa_flags=SA_RESTART|SA_SIGINFO
SIGXFSZ: [libjvm.dylib+0x4874e4], sa_mask[0]=11111111011111110111111111111111, sa_flags=SA_RESTART|SA_SIGINFO
SIGILL: [libjvm.dylib+0x4874e4], sa_mask[0]=11111111011111110111111111111111, sa_flags=SA_RESTART|SA_SIGINFO
SIGUSR1: SIG_DFL, sa_mask[0]=00000000000000000000000000000000, sa_flags=none
SIGUSR2: [libjvm.dylib+0x487002], sa_mask[0]=00100000000000000000000000000000, sa_flags=SA_RESTART|SA_SIGINFO
SIGHUP: [libjvm.dylib+0x4855d9], sa_mask[0]=11111111011111110111111111111111, sa_flags=SA_RESTART|SA_SIGINFO
SIGINT: [libjvm.dylib+0x4855d9], sa_mask[0]=11111111011111110111111111111111, sa_flags=SA_RESTART|SA_SIGINFO
SIGTERM: [libjvm.dylib+0x4855d9], sa_mask[0]=11111111011111110111111111111111, sa_flags=SA_RESTART|SA_SIGINFO
SIGQUIT: [libjvm.dylib+0x4855d9], sa_mask[0]=11111111011111110111111111111111, sa_flags=SA_RESTART|SA_SIGINFO


---------------  S Y S T E M  ---------------

OS:Bsduname:Darwin 16.5.0 Darwin Kernel Version 16.5.0: Fri Mar  3 16:52:33 PST 2017; root:xnu-3789.51.2~3/RELEASE_X86_64 x86_64
rlimit: STACK 8192k, CORE 0k, NPROC 709, NOFILE 10240, AS infinity
load average:2.13 3.23 3.93

CPU:total 4 (2 cores per cpu, 2 threads per core) family 6 model 69 stepping 1, cmov, cx8, fxsr, mmx, sse, sse2, sse3, ssse3, sse4.1, sse4.2, popcnt, avx, avx2, aes, clmul, erms, lzcnt, ht, tsc, tscinvbit, bmi1, bmi2

Memory: 4k page, physical 8388608k(58400k free)

/proc/meminfo:


vm_info: Java HotSpot(TM) 64-Bit Server VM (25.102-b14) for bsd-amd64 JRE (1.8.0_102-b14), built on Jun 22 2016 11:42:36 by "java_re" with gcc 4.2.1 (Based on Apple Inc. build 5658) (LLVM build 2336.11.00)

time: Wed May 23 10:01:50 2018
elapsed time: 16 seconds (0d 0h 0m 16s)

